<?xml version="1.0" encoding="UTF-8"?>
<testng-results ignored="0" total="3" passed="3" failed="0" skipped="0">
  <reporter-output>
  </reporter-output>
  <suite started-at="2025-03-20T13:58:43 GMT" name="Suite" finished-at="2025-03-20T13:59:11 GMT" duration-ms="27525">
    <groups>
      <group name="cucumber">
        <method signature="AbstractTestNGCucumberTests.runScenario(io.cucumber.testng.PickleWrapper,io.cucumber.testng.FeatureWrapper)[pri:0, instance:runner.Runner@7494f96a]" name="runScenario" class="io.cucumber.testng.AbstractTestNGCucumberTests"/>
      </group> <!-- cucumber -->
    </groups>
    <test started-at="2025-03-20T13:58:43 GMT" name="Test2" finished-at="2025-03-20T13:59:11 GMT" duration-ms="27525">
      <class name="runner.Runner">
        <test-method is-config="true" signature="setUpClass(org.testng.ITestContext)[pri:0, instance:runner.Runner@7494f96a]" started-at="2025-03-20T13:58:43 GMT" name="setUpClass" finished-at="2025-03-20T13:58:44 GMT" duration-ms="89" status="PASS">
          <params>
            <param index="0">
              <value>
                <![CDATA[org.testng.TestRunner@79aee22a]]>
              </value>
            </param>
          </params>
          <reporter-output>
          </reporter-output>
        </test-method> <!-- setUpClass -->
        <test-method signature="runScenario(io.cucumber.testng.PickleWrapper,io.cucumber.testng.FeatureWrapper)[pri:0, instance:runner.Runner@7494f96a]" started-at="2025-03-20T13:58:44 GMT" name="runScenario" description="Runs Cucumber Scenarios" data-provider="scenarios" finished-at="2025-03-20T13:58:51 GMT" duration-ms="7860" status="PASS">
          <params>
            <param index="0">
              <value>
                <![CDATA["Add two products to the cart and verify their details(Price, Quantity and total quantity) on the Checkout page."]]>
              </value>
            </param>
            <param index="1">
              <value>
                <![CDATA["Checout scenarios"]]>
              </value>
            </param>
          </params>
          <reporter-output>
          </reporter-output>
        </test-method> <!-- runScenario -->
        <test-method signature="runScenario(io.cucumber.testng.PickleWrapper,io.cucumber.testng.FeatureWrapper)[pri:0, instance:runner.Runner@7494f96a]" started-at="2025-03-20T13:58:51 GMT" name="runScenario" description="Runs Cucumber Scenarios" data-provider="scenarios" finished-at="2025-03-20T13:58:59 GMT" duration-ms="7940" status="PASS">
          <params>
            <param index="0">
              <value>
                <![CDATA["Login user able to successfully logout of the application"]]>
              </value>
            </param>
            <param index="1">
              <value>
                <![CDATA["Register and login functionality"]]>
              </value>
            </param>
          </params>
          <reporter-output>
          </reporter-output>
        </test-method> <!-- runScenario -->
        <test-method signature="runScenario(io.cucumber.testng.PickleWrapper,io.cucumber.testng.FeatureWrapper)[pri:0, instance:runner.Runner@7494f96a]" started-at="2025-03-20T13:58:59 GMT" name="runScenario" description="Runs Cucumber Scenarios" data-provider="scenarios" finished-at="2025-03-20T13:59:11 GMT" duration-ms="11612" status="PASS">
          <params>
            <param index="0">
              <value>
                <![CDATA["Registes a new user"]]>
              </value>
            </param>
            <param index="1">
              <value>
                <![CDATA["Register and sign in functionality"]]>
              </value>
            </param>
          </params>
          <reporter-output>
          </reporter-output>
        </test-method> <!-- runScenario -->
        <test-method is-config="true" signature="tearDownClass()[pri:0, instance:runner.Runner@7494f96a]" started-at="2025-03-20T13:59:11 GMT" name="tearDownClass" finished-at="2025-03-20T13:59:11 GMT" duration-ms="2" status="PASS">
          <reporter-output>
          </reporter-output>
        </test-method> <!-- tearDownClass -->
      </class> <!-- runner.Runner -->
    </test> <!-- Test2 -->
  </suite> <!-- Suite -->
</testng-results>
