<?xml version="1.0" encoding="UTF-8"?>
<testng-results ignored="0" total="1" passed="1" failed="0" skipped="0">
  <reporter-output>
  </reporter-output>
  <suite started-at="2025-03-18T14:18:37 GMT" name="Default suite" finished-at="2025-03-18T14:18:54 GMT" duration-ms="17164">
    <groups>
    </groups>
    <test started-at="2025-03-18T14:18:37 GMT" name="Default test" finished-at="2025-03-18T14:18:54 GMT" duration-ms="17164">
      <class name="tests.RegisterUser">
        <test-method is-config="true" signature="setUp()[pri:0, instance:tests.RegisterUser@223191a6]" started-at="2025-03-18T14:18:37 GMT" name="setUp" finished-at="2025-03-18T14:18:41 GMT" duration-ms="4059" status="PASS">
          <reporter-output>
          </reporter-output>
        </test-method> <!-- setUp -->
        <test-method signature="userRegister()[pri:0, instance:tests.RegisterUser@223191a6]" started-at="2025-03-18T14:18:41 GMT" name="userRegister" finished-at="2025-03-18T14:18:54 GMT" duration-ms="12986" status="PASS">
          <reporter-output>
          </reporter-output>
        </test-method> <!-- userRegister -->
        <test-method is-config="true" signature="tearDown()[pri:0, instance:tests.RegisterUser@223191a6]" started-at="2025-03-18T14:18:54 GMT" name="tearDown" finished-at="2025-03-18T14:18:54 GMT" duration-ms="109" status="PASS">
          <reporter-output>
          </reporter-output>
        </test-method> <!-- tearDown -->
      </class> <!-- tests.RegisterUser -->
    </test> <!-- Default test -->
  </suite> <!-- Default suite -->
</testng-results>
